e:\gr2_rework\plugins\eos_sdk\samples\sessionmatchmaking\intermediate\win64\debug_sdl\sessionmatchmaking.pch
e:\gr2_rework\plugins\eos_sdk\samples\sessionmatchmaking\intermediate\win64\debug_sdl\vc141.pdb
e:\gr2_rework\plugins\eos_sdk\samples\sessionmatchmaking\intermediate\win64\debug_sdl\vc141.idb
e:\gr2_rework\plugins\eos_sdk\samples\sessionmatchmaking\intermediate\win64\debug_sdl\pch.obj
e:\gr2_rework\plugins\eos_sdk\samples\sessionmatchmaking\intermediate\win64\debug_sdl\dropdownlist.obj
e:\gr2_rework\plugins\eos_sdk\samples\sessionmatchmaking\intermediate\win64\debug_sdl\dialog.obj
e:\gr2_rework\plugins\eos_sdk\samples\sessionmatchmaking\intermediate\win64\debug_sdl\consoledialog.obj
e:\gr2_rework\plugins\eos_sdk\samples\sessionmatchmaking\intermediate\win64\debug_sdl\checkbox.obj
e:\gr2_rework\plugins\eos_sdk\samples\sessionmatchmaking\intermediate\win64\debug_sdl\button.obj
e:\gr2_rework\plugins\eos_sdk\samples\sessionmatchmaking\intermediate\win64\debug_sdl\authdialogs.obj
e:\gr2_rework\plugins\eos_sdk\samples\sessionmatchmaking\intermediate\win64\debug_sdl\animatedtexture.obj
e:\gr2_rework\plugins\eos_sdk\samples\sessionmatchmaking\intermediate\win64\debug_sdl\assetutils.obj
e:\gr2_rework\plugins\eos_sdk\samples\sessionmatchmaking\intermediate\win64\debug_sdl\console.obj
e:\gr2_rework\plugins\eos_sdk\samples\sessionmatchmaking\intermediate\win64\debug_sdl\users.obj
e:\gr2_rework\plugins\eos_sdk\samples\sessionmatchmaking\intermediate\win64\debug_sdl\player.obj
e:\gr2_rework\plugins\eos_sdk\samples\sessionmatchmaking\intermediate\win64\debug_sdl\platform.obj
e:\gr2_rework\plugins\eos_sdk\samples\sessionmatchmaking\intermediate\win64\debug_sdl\metrics.obj
e:\gr2_rework\plugins\eos_sdk\samples\sessionmatchmaking\intermediate\win64\debug_sdl\friends.obj
e:\gr2_rework\plugins\eos_sdk\samples\sessionmatchmaking\intermediate\win64\debug_sdl\eosui.obj
e:\gr2_rework\plugins\eos_sdk\samples\sessionmatchmaking\intermediate\win64\debug_sdl\authentication.obj
e:\gr2_rework\plugins\eos_sdk\samples\sessionmatchmaking\intermediate\win64\debug_sdl\accounthelpers.obj
e:\gr2_rework\plugins\eos_sdk\samples\sessionmatchmaking\intermediate\win64\debug_sdl\basemenu.obj
e:\gr2_rework\plugins\eos_sdk\samples\sessionmatchmaking\intermediate\win64\debug_sdl\baselevel.obj
e:\gr2_rework\plugins\eos_sdk\samples\sessionmatchmaking\intermediate\win64\debug_sdl\basegame.obj
e:\gr2_rework\plugins\eos_sdk\samples\sessionmatchmaking\intermediate\win64\debug_sdl\model.obj
e:\gr2_rework\plugins\eos_sdk\samples\sessionmatchmaking\intermediate\win64\debug_sdl\widget.obj
e:\gr2_rework\plugins\eos_sdk\samples\sessionmatchmaking\intermediate\win64\debug_sdl\textview.obj
e:\gr2_rework\plugins\eos_sdk\samples\sessionmatchmaking\intermediate\win64\debug_sdl\texturemanager.obj
e:\gr2_rework\plugins\eos_sdk\samples\sessionmatchmaking\intermediate\win64\debug_sdl\texture.obj
e:\gr2_rework\plugins\eos_sdk\samples\sessionmatchmaking\intermediate\win64\debug_sdl\textlabel.obj
e:\gr2_rework\plugins\eos_sdk\samples\sessionmatchmaking\intermediate\win64\debug_sdl\textfield.obj
e:\gr2_rework\plugins\eos_sdk\samples\sessionmatchmaking\intermediate\win64\debug_sdl\texteditor.obj
e:\gr2_rework\plugins\eos_sdk\samples\sessionmatchmaking\intermediate\win64\debug_sdl\tablerowview.obj
e:\gr2_rework\plugins\eos_sdk\samples\sessionmatchmaking\intermediate\win64\debug_sdl\stringviewlistentry.obj
e:\gr2_rework\plugins\eos_sdk\samples\sessionmatchmaking\intermediate\win64\debug_sdl\sprite.obj
e:\gr2_rework\plugins\eos_sdk\samples\sessionmatchmaking\intermediate\win64\debug_sdl\sdlttf.obj
e:\gr2_rework\plugins\eos_sdk\samples\sessionmatchmaking\intermediate\win64\debug_sdl\scroller.obj
e:\gr2_rework\plugins\eos_sdk\samples\sessionmatchmaking\intermediate\win64\debug_sdl\progressbar.obj
e:\gr2_rework\plugins\eos_sdk\samples\sessionmatchmaking\intermediate\win64\debug_sdl\popupdialog.obj
e:\gr2_rework\plugins\eos_sdk\samples\sessionmatchmaking\intermediate\win64\debug_sdl\friendsdialog.obj
e:\gr2_rework\plugins\eos_sdk\samples\sessionmatchmaking\intermediate\win64\debug_sdl\friendlist.obj
e:\gr2_rework\plugins\eos_sdk\samples\sessionmatchmaking\intermediate\win64\debug_sdl\friendinfo.obj
e:\gr2_rework\plugins\eos_sdk\samples\sessionmatchmaking\intermediate\win64\debug_sdl\font.obj
e:\gr2_rework\plugins\eos_sdk\samples\sessionmatchmaking\intermediate\win64\debug_sdl\exitdialog.obj
e:\gr2_rework\plugins\eos_sdk\samples\sessionmatchmaking\intermediate\win64\debug_sdl\sessionmatchmaking.obj
e:\gr2_rework\plugins\eos_sdk\samples\sessionmatchmaking\intermediate\win64\debug_sdl\sessioninvitereceiveddialog.obj
e:\gr2_rework\plugins\eos_sdk\samples\sessionmatchmaking\intermediate\win64\debug_sdl\newsessiondialog.obj
e:\gr2_rework\plugins\eos_sdk\samples\sessionmatchmaking\intermediate\win64\debug_sdl\menu.obj
e:\gr2_rework\plugins\eos_sdk\samples\sessionmatchmaking\intermediate\win64\debug_sdl\game.obj
e:\gr2_rework\plugins\eos_sdk\samples\sessionmatchmaking\intermediate\win64\debug_sdl\utils.obj
e:\gr2_rework\plugins\eos_sdk\samples\sessionmatchmaking\intermediate\win64\debug_sdl\stringutils.obj
e:\gr2_rework\plugins\eos_sdk\samples\sessionmatchmaking\intermediate\win64\debug_sdl\settings.obj
e:\gr2_rework\plugins\eos_sdk\samples\sessionmatchmaking\intermediate\win64\debug_sdl\debuglog.obj
e:\gr2_rework\plugins\eos_sdk\samples\sessionmatchmaking\intermediate\win64\debug_sdl\commandline.obj
e:\gr2_rework\plugins\eos_sdk\samples\sessionmatchmaking\intermediate\win64\debug_sdl\vector3.obj
e:\gr2_rework\plugins\eos_sdk\samples\sessionmatchmaking\intermediate\win64\debug_sdl\vector2.obj
e:\gr2_rework\plugins\eos_sdk\samples\sessionmatchmaking\intermediate\win64\debug_sdl\winmain.obj
e:\gr2_rework\plugins\eos_sdk\samples\sessionmatchmaking\intermediate\win64\debug_sdl\deviceresources.obj
e:\gr2_rework\plugins\eos_sdk\samples\sessionmatchmaking\intermediate\win64\debug_sdl\sdlmain.obj
e:\gr2_rework\plugins\eos_sdk\samples\sessionmatchmaking\intermediate\win64\debug_sdl\main.obj
e:\gr2_rework\plugins\eos_sdk\samples\sessionmatchmaking\intermediate\win64\debug_sdl\sdlinput.obj
e:\gr2_rework\plugins\eos_sdk\samples\sessionmatchmaking\intermediate\win64\debug_sdl\input.obj
e:\gr2_rework\plugins\eos_sdk\samples\sessionmatchmaking\intermediate\win64\debug_sdl\vectorrender.obj
e:\gr2_rework\plugins\eos_sdk\samples\sessionmatchmaking\intermediate\win64\debug_sdl\sdlspritebatch.obj
e:\gr2_rework\plugins\eos_sdk\samples\sessionmatchmaking\intermediate\win64\debug_sdl\sessionstablerowview.obj
e:\gr2_rework\plugins\eos_sdk\samples\sessionmatchmaking\intermediate\win64\debug_sdl\sessionmatchmakingdialog.obj
e:\gr2_rework\plugins\eos_sdk\samples\sessionmatchmaking\bin\win64\debug_sdl\sessionmatchmaking.exe
e:\gr2_rework\plugins\eos_sdk\samples\sessionmatchmaking\bin\win64\debug_sdl\sessionmatchmaking.ilk
e:\gr2_rework\plugins\eos_sdk\samples\sessionmatchmaking\bin\win64\debug_sdl\sessionmatchmaking.pdb
e:\gr2_rework\plugins\eos_sdk\samples\sessionmatchmaking\intermediate\win64\debug_sdl\resource.res
e:\gr2_rework\plugins\eos_sdk\samples\sessionmatchmaking\bin\win64\debug_sdl\sessionmatchmaking.lib
e:\gr2_rework\plugins\eos_sdk\samples\sessionmatchmaking\bin\win64\debug_sdl\sessionmatchmaking.exp
e:\gr2_rework\plugins\eos_sdk\samples\sessionmatchmaking\intermediate\win64\debug_sdl\sessionm.669041a1.tlog\cl.command.1.tlog
e:\gr2_rework\plugins\eos_sdk\samples\sessionmatchmaking\intermediate\win64\debug_sdl\sessionm.669041a1.tlog\cl.read.1.tlog
e:\gr2_rework\plugins\eos_sdk\samples\sessionmatchmaking\intermediate\win64\debug_sdl\sessionm.669041a1.tlog\cl.write.1.tlog
e:\gr2_rework\plugins\eos_sdk\samples\sessionmatchmaking\intermediate\win64\debug_sdl\sessionm.669041a1.tlog\link.command.1.tlog
e:\gr2_rework\plugins\eos_sdk\samples\sessionmatchmaking\intermediate\win64\debug_sdl\sessionm.669041a1.tlog\link.read.1.tlog
e:\gr2_rework\plugins\eos_sdk\samples\sessionmatchmaking\intermediate\win64\debug_sdl\sessionm.669041a1.tlog\link.write.1.tlog
e:\gr2_rework\plugins\eos_sdk\samples\sessionmatchmaking\intermediate\win64\debug_sdl\sessionm.669041a1.tlog\rc.command.1.tlog
e:\gr2_rework\plugins\eos_sdk\samples\sessionmatchmaking\intermediate\win64\debug_sdl\sessionm.669041a1.tlog\rc.read.1.tlog
e:\gr2_rework\plugins\eos_sdk\samples\sessionmatchmaking\intermediate\win64\debug_sdl\sessionm.669041a1.tlog\rc.write.1.tlog
e:\gr2_rework\plugins\eos_sdk\samples\sessionmatchmaking\intermediate\win64\debug_sdl\sessionm.669041a1.tlog\sessionmatchmaking.write.1u.tlog
